#
# There is insufficient memory for the Java Runtime Environment to continue.
# Native memory allocation (malloc) failed to allocate 1048576 bytes for AllocateHeap
# Possible reasons:
#   The system is out of physical RAM or swap space
#   In 32 bit mode, the process size limit was hit
# Possible solutions:
#   Reduce memory load on the system
#   Increase physical memory or swap space
#   Check if swap backing store is full
#   Use 64 bit Java on a 64 bit OS
#   Decrease Java heap size (-Xmx/-Xms)
#   Decrease number of Java threads
#   Decrease Java thread stack sizes (-Xss)
#   Set larger code cache with -XX:ReservedCodeCacheSize=
# This output file may be truncated or incomplete.
#
#  Out of Memory Error (memory/allocation.inline.hpp:61), pid=1724, tid=0x0000000000001aa0
#
# JRE version:  (8.0_144-b01) (build )
# Java VM: Java HotSpot(TM) 64-Bit Server VM (25.144-b01 mixed mode windows-amd64 compressed oops)
# Failed to write core dump. Minidumps are not enabled by default on client versions of Windows
#

---------------  T H R E A D  ---------------

Current thread (0x00000000029e1000):  JavaThread "Unknown thread" [_thread_in_vm, id=6816, stack(0x00000000028e0000,0x00000000029e0000)]

Stack: [0x00000000028e0000,0x00000000029e0000]
[error occurred during error reporting (printing stack bounds), id 0xc0000005]

Native frames: (J=compiled Java code, j=interpreted, Vv=VM code, C=native code)


---------------  P R O C E S S  ---------------

Java Threads: ( => current thread )

Other Threads:

=>0x00000000029e1000 (exited) JavaThread "Unknown thread" [_thread_in_vm, id=6816, stack(0x00000000028e0000,0x00000000029e0000)]

VM state:not at safepoint (normal execution)

VM Mutex/Monitor currently owned by a thread: None

Heap:
 PSYoungGen      total 9728K, used 174K [0x00000000f5c00000, 0x00000000f6680000, 0x0000000100000000)
  eden space 8704K, 2% used [0x00000000f5c00000,0x00000000f5c2b860,0x00000000f6480000)
  from space 1024K, 0% used [0x00000000f6580000,0x00000000f6580000,0x00000000f6680000)
  to   space 1024K, 0% used [0x00000000f6480000,0x00000000f6480000,0x00000000f6580000)
 ParOldGen       total 22016K, used 0K [0x00000000e1400000, 0x00000000e2980000, 0x00000000f5c00000)
  object space 22016K, 0% used [0x00000000e1400000,0x00000000e1400000,0x00000000e2980000)
 Metaspace       used 770K, capacity 4480K, committed 4480K, reserved 1056768K
  class space    used 75K, capacity 384K, committed 384K, reserved 1048576K

Card table byte_map: [0x0000000011ea0000,0x0000000011fa0000] byte_map_base: 0x0000000011796000

Marking Bits: (ParMarkBitMap*) 0x000000006809d850
 Begin Bits: [0x0000000012250000, 0x0000000012a00000)
 End Bits:   [0x0000000012a00000, 0x00000000131b0000)

Polling page: 0x0000000002830000

CodeCache: size=245760Kb used=327Kb max_used=327Kb free=245432Kb
 bounds [0x0000000002ae0000, 0x0000000002d50000, 0x0000000011ae0000]
 total_blobs=57 nmethods=0 adapters=38
 compilation: enabled

Compilation events (0 events):
No events

GC Heap History (0 events):
No events

Deoptimization events (0 events):
No events

Internal exceptions (0 events):
No events

Events (10 events):
Event: 0.059 loading class java/lang/Short
Event: 0.059 loading class java/lang/Short done
Event: 0.059 loading class java/lang/Integer
Event: 0.059 loading class java/lang/Integer done
Event: 0.059 loading class java/lang/Long
Event: 0.060 loading class java/lang/Long done
Event: 0.061 loading class java/lang/NullPointerException
Event: 0.062 loading class java/lang/NullPointerException done
Event: 0.062 loading class java/lang/ArithmeticException
Event: 0.062 loading class java/lang/ArithmeticException done


Dynamic libraries:
0x00007ff646400000 - 0x00007ff646437000 	C:\Program Files\Java\jdk1.8.0_144\jre\bin\java.exe
0x00007ffde6ff0000 - 0x00007ffde71b2000 	C:\Windows\SYSTEM32\ntdll.dll
0x00007ffde6d70000 - 0x00007ffde6e1d000 	C:\Windows\system32\KERNEL32.DLL
0x00007ffdcee40000 - 0x00007ffdcee74000 	C:\Program Files\AVAST Software\Avast\x64\aswhooka.dll
0x00007ffde44d0000 - 0x00007ffde46ad000 	C:\Windows\system32\KERNELBASE.dll
0x00007ffde6cc0000 - 0x00007ffde6d66000 	C:\Windows\system32\ADVAPI32.dll
0x00007ffde63c0000 - 0x00007ffde645d000 	C:\Windows\system32\msvcrt.dll
0x00007ffde5da0000 - 0x00007ffde5dfb000 	C:\Windows\system32\sechost.dll
0x00007ffde5eb0000 - 0x00007ffde5fd6000 	C:\Windows\system32\RPCRT4.dll
0x00007ffde46b0000 - 0x00007ffde47fe000 	C:\Windows\system32\USER32.dll
0x00007ffde6b30000 - 0x00007ffde6cb3000 	C:\Windows\system32\GDI32.dll
0x00007ffdd8970000 - 0x00007ffdd8be4000 	C:\Windows\WinSxS\amd64_microsoft.windows.common-controls_6595b64144ccf1df_6.0.10240.17184_none_f41d7a705752bce6\COMCTL32.dll
0x00007ffde6380000 - 0x00007ffde63b6000 	C:\Windows\system32\IMM32.DLL
0x00007ffde66e0000 - 0x00007ffde683c000 	C:\Windows\system32\MSCTF.dll
0x00000000677a0000 - 0x0000000067872000 	C:\Program Files\Java\jdk1.8.0_144\jre\bin\msvcr100.dll
0x0000000067880000 - 0x000000006811d000 	C:\Program Files\Java\jdk1.8.0_144\jre\bin\server\jvm.dll
0x00007ffde6fe0000 - 0x00007ffde6fe8000 	C:\Windows\system32\PSAPI.DLL
0x00007ffdd9b90000 - 0x00007ffdd9b99000 	C:\Windows\SYSTEM32\WSOCK32.dll
0x00007ffde6e20000 - 0x00007ffde6e89000 	C:\Windows\system32\WS2_32.dll
0x00007ffde6910000 - 0x00007ffde6918000 	C:\Windows\system32\NSI.dll
0x00007ffde1e90000 - 0x00007ffde1eb3000 	C:\Windows\SYSTEM32\WINMM.dll
0x00007ffdd9610000 - 0x00007ffdd961a000 	C:\Windows\SYSTEM32\VERSION.dll
0x00007ffde1e30000 - 0x00007ffde1e5c000 	C:\Windows\SYSTEM32\WINMMBASE.dll
0x00007ffde3ab0000 - 0x00007ffde3af4000 	C:\Windows\system32\cfgmgr32.dll
0x00007ffde22f0000 - 0x00007ffde2317000 	C:\Windows\SYSTEM32\DEVOBJ.dll
0x0000000067700000 - 0x000000006770f000 	C:\Program Files\Java\jdk1.8.0_144\jre\bin\verify.dll
0x00000000674a0000 - 0x00000000674c9000 	C:\Program Files\Java\jdk1.8.0_144\jre\bin\java.dll
0x0000000067740000 - 0x0000000067756000 	C:\Program Files\Java\jdk1.8.0_144\jre\bin\zip.dll

VM Arguments:
java_command: org.netbeans.modules.web.project.ant.JspCSingle -uriroot C:\Users\Ana\Documents\NetBeansProjects\Projeto03_Grupo03\Projeto03_Grupo03\build\web -d C:\Users\Ana\Documents\NetBeansProjects\Projeto03_Grupo03\Projeto03_Grupo03\build\generated\src -die1 -schemas /resources/schemas/ -dtds /resources/dtds/ -sysClasspath C:\Program Files\NetBeans 8.2\platform\modules\locale\NetBeans 8.2\extide\ant\lib\ant.jar;C:\Program Files\NetBeans 8.2\platform\modules\locale\NetBeans 8.2\enterprise\modules\ext\servlet3.1-jsp2.3-api.jar;C:\Program Files\NetBeans 8.2\platform\modules\locale\NetBeans 8.2\enterprise\modules\ext\glassfish-jspparser-4.0.jar;C:\Program Files\NetBeans 8.2\platform\modules\locale\NetBeans 8.2\enterprise\modules\ext\jstl-impl.jar;C:\Program Files\NetBeans 8.2\platform\modules\locale\NetBeans 8.2\enterprise\modules\ext\jsf-2_2\javax.faces.jar -jspc.files C:\Users\Ana\Documents\NetBeansProjects\Projeto03_Grupo03\Projeto03_Grupo03\build\web\home.jsp -compilerSourceVM 1.8 -compilerTargetVM 1.8 -javaEncoding UTF-8
java_class_path (initial): C:\Program Files\Java\jdk1.8.0_144\lib\tools.jar;C:\Program Files\NetBeans 8.2\platform\modules\locale\NetBeans 8.2\enterprise\ant\extra\jspcompile.jar;C:\Program Files\NetBeans 8.2\platform\modules\locale\NetBeans 8.2\extide\ant\lib\ant.jar;C:\Program Files\NetBeans 8.2\platform\modules\locale\NetBeans 8.2\enterprise\modules\ext\servlet3.1-jsp2.3-api.jar;C:\Program Files\NetBeans 8.2\platform\modules\locale\NetBeans 8.2\enterprise\modules\ext\glassfish-jspparser-4.0.jar;C:\Program Files\NetBeans 8.2\platform\modules\locale\NetBeans 8.2\enterprise\modules\ext\jsf-2_2\javax.faces.jar;C:\Program Files\NetBeans 8.2\platform\modules\locale\NetBeans 8.2\enterprise\modules\ext\jstl-api.jar;C:\Program Files\NetBeans 8.2\platform\modules\locale\NetBeans 8.2\extide\ant\lib\ant-launcher.jar
Launcher Type: SUN_STANDARD

Environment Variables:
PATH=C:\ProgramData\Oracle\Java\javapath;C:\Program Files (x86)\Intel\TXE Components\TCS\;C:\Program Files\Intel\TXE Components\TCS\;C:\Windows\system32;C:\Windows;C:\Windows\System32\Wbem;C:\Windows\System32\WindowsPowerShell\v1.0\;C:\Program Files\Intel\TXE Components\DAL\;C:\Program Files (x86)\Intel\TXE Components\DAL\;C:\Program Files\Intel\TXE Components\IPT\;C:\Program Files (x86)\Intel\TXE Components\IPT\;
USERNAME=Ana
OS=Windows_NT
PROCESSOR_IDENTIFIER=Intel64 Family 6 Model 76 Stepping 3, GenuineIntel



---------------  S Y S T E M  ---------------

OS: Windows 10.0 , 64 bit Build 10240 (10.0.10240.17113)

CPU:total 2 (initial active 2) (2 cores per cpu, 1 threads per core) family 6 model 76 stepping 3, cmov, cx8, fxsr, mmx, sse, sse2, sse3, ssse3, sse4.1, sse4.2, popcnt, aes, clmul, erms, 3dnowpref, tsc, tscinvbit

Memory: 4k page, physical 2009104k(205148k free), swap 2510784k(5580k free)

vm_info: Java HotSpot(TM) 64-Bit Server VM (25.144-b01) for windows-amd64 JRE (1.8.0_144-b01), built on Jul 21 2017 21:57:33 by "java_re" with MS VC++ 10.0 (VS2010)

time: Sun Oct 14 22:43:25 2018
elapsed time: 0 seconds (0d 0h 0m 0s)

